EDA Netlist Writer report for Basic_Organ_Solution
Thu May 12 16:10:03 2016
Quartus II 64-Bit Version 14.1.0 Build 186 12/03/2014 SJ Web Edition


---------------------
; Table of Contents ;
---------------------
  1. Legal Notice
  2. EDA Netlist Writer Summary
  3. EDA Netlist Writer Messages



----------------
; Legal Notice ;
----------------
Copyright (C) 1991-2014 Altera Corporation. All rights reserved.
Your use of Altera Corporation's design tools, logic functions 
and other software and tools, and its AMPP partner logic 
functions, and any output files from any of the foregoing 
(including device programming or simulation files), and any 
associated documentation or information are expressly subject 
to the terms and conditions of the Altera Program License 
Subscription Agreement, the Altera Quartus II License Agreement,
the Altera MegaCore Function License Agreement, or other 
applicable license agreement, including, without limitation, 
that your use is for the sole purpose of programming logic 
devices manufactured by Altera and sold by Altera or its 
authorized distributors.  Please refer to the applicable 
agreement for further details.



+---------------------------------------------------------------+
; EDA Netlist Writer Summary                                    ;
+---------------------------+-----------------------------------+
; EDA Netlist Writer Status ; Failed - Thu May 12 16:10:03 2016 ;
; Revision Name             ; Basic_Organ_Solution              ;
; Top-level Entity Name     ; Basic_Organ_Solution              ;
; Family                    ; Cyclone V                         ;
+---------------------------+-----------------------------------+


+-----------------------------+
; EDA Netlist Writer Messages ;
+-----------------------------+
Info: *******************************************************************
Info: Running Quartus II 64-Bit EDA Netlist Writer
    Info: Version 14.1.0 Build 186 12/03/2014 SJ Web Edition
    Info: Copyright (C) 1991-2014 Altera Corporation. All rights reserved.
    Info: Your use of Altera Corporation's design tools, logic functions 
    Info: and other software and tools, and its AMPP partner logic 
    Info: functions, and any output files from any of the foregoing 
    Info: (including device programming or simulation files), and any 
    Info: associated documentation or information are expressly subject 
    Info: to the terms and conditions of the Altera Program License 
    Info: Subscription Agreement, the Altera Quartus II License Agreement,
    Info: the Altera MegaCore Function License Agreement, or other 
    Info: applicable license agreement, including, without limitation, 
    Info: that your use is for the sole purpose of programming logic 
    Info: devices manufactured by Altera and sold by Altera or its 
    Info: authorized distributors.  Please refer to the applicable 
    Info: agreement for further details.
    Info: Processing started: Thu May 12 16:10:01 2016
Info: Command: quartus_eda --gen_testbench --check_outputs=on --tool=modelsim_oem --format=verilog --write_settings_files=off Basic_Organ_Solution -c Basic_Organ_Solution --vector_source=C:/Users/Graham/Documents/GitHub/CPEN-311-Lab1/Waveform2.vwf --testbench_file=C:/Users/Graham/Documents/GitHub/CPEN-311-Lab1/simulation/qsim/Waveform2.vwf.vt
Error (201009): Bus port "SW" specified in vector source file has width of 8, which does not match width 10 of top level port of same name
Error (201009): Bus port "SW" specified in vector source file has width of 8, which does not match width 10 of top level port of same name
Warning (201007): Can't find port "inClk" in design
Warning (201007): Can't find port "outClk" in design
Warning (201007): Can't find port "reset_n" in design
Error (201009): Bus port "SW" specified in vector source file has width of 8, which does not match width 10 of top level port of same name
Info (201000): Generated Verilog Test Bench File C:/Users/Graham/Documents/GitHub/CPEN-311-Lab1/simulation/qsim/Waveform2.vwf.vt for simulation
Error: Quartus II 64-Bit EDA Netlist Writer was unsuccessful. 3 errors, 3 warnings
    Error: Peak virtual memory: 703 megabytes
    Error: Processing ended: Thu May 12 16:10:03 2016
    Error: Elapsed time: 00:00:02
    Error: Total CPU time (on all processors): 00:00:02


